[33mcommit a6af99a2ddc95e764c208c1de57328b1b900946a[m[33m ([m[1;36mHEAD -> [m[1;32mmaster[m[33m)[m
Author: wgh2205 <1148062085@qq.com>
Date:   Sat Mar 21 22:57:40 2020 +0800

    remove test.txt

[33mcommit 4213940ed34de66837c747029a23f73f85c10e9d[m
Author: wgh2205 <1148062085@qq.com>
Date:   Sat Mar 21 22:39:58 2020 +0800

    add test.txt

[33mcommit 7b4300d8f77a97bf1e06b68fe79944babad921f7[m
Author: wgh2205 <1148062085@qq.com>
Date:   Sat Mar 21 22:21:40 2020 +0800

    + 'of files'

[33mcommit 90876c8285d95c9f0903298b3eb8836c35f2d2a0[m
Author: wgh2205 <1148062085@qq.com>
Date:   Sat Mar 21 22:15:06 2020 +0800

    git tracks changes

[33mcommit 335413969e9296d626f53230c810fb6391c4cdfa[m
Author: wgh2205 <1148062085@qq.com>
Date:   Sat Mar 21 22:06:08 2020 +0800

    understand how stages works

[33mcommit f2b53d4267846567773b58a3a6d14cca58ddc562[m
Author: wgh2205 <1148062085@qq.com>
Date:   Sat Mar 21 21:47:43 2020 +0800

    append GPL

[33mcommit 48e7898829eee08a2239b008508470b0c3df25b3[m
Author: wgh2205 <1148062085@qq.com>
Date:   Sat Mar 21 21:43:35 2020 +0800

    add distributed的ed

[33mcommit 7cf76dd0a42bae613ef9fbac168b86842acf53b0[m
Author: wgh2205 <1148062085@qq.com>
Date:   Sat Mar 21 21:36:43 2020 +0800

    wrote a readme file
